1503561299588	geckodriver	INFO	Listening on 127.0.0.1:51797
1503561300693	geckodriver::marionette	INFO	Starting browser /Applications/Firefox.app/Contents/MacOS/firefox-bin with args ["-marionette"]
1503561303517	Marionette	INFO	Listening on port 51810
1503561303602	Marionette	WARN	TLS certificate errors will be ignored for this session
1503561303940	Marionette	DEBUG	loaded listener.js
1503561303980	Marionette	DEBUG	Received DOM event "beforeunload" for "about:blank"
2017-08-24 09:55:04.041 plugin-container[4889:452582] *** CFMessagePort: bootstrap_register(): failed 1100 (0x44c) 'Permission denied', port = 0x963b, name = 'com.apple.tsm.portname'
See /usr/include/servers/bootstrap_defs.h for the error codes.
2017-08-24 09:55:04.046 plugin-container[4889:452582] *** CFMessagePort: bootstrap_register(): failed 1100 (0x44c) 'Permission denied', port = 0x9903, name = 'com.apple.CFPasteboardClient'
See /usr/include/servers/bootstrap_defs.h for the error codes.
1503561305068	Marionette	DEBUG	Received DOM event "pagehide" for "about:blank"
1503561305069	Marionette	DEBUG	Received DOM event "unload" for "about:blank"
1503561308444	Marionette	DEBUG	Received DOM event "DOMContentLoaded" for "https://www.kickstarter.com/discover/advanced?category_id=16"
1503561309048	Marionette	DEBUG	Received DOM event "pageshow" for "https://www.kickstarter.com/discover/advanced?category_id=16"
1503561309342	Marionette	DEBUG	Received DOM event "DOMContentLoaded" for "https://staticxx.facebook.com/connect/xd_arbiter/r/0sTQzbapM8j.js?version=42#channel=f2f502dc5287d56&origin=https%3A%2F%2Fwww.kickstarter.com"
1503561309349	Marionette	DEBUG	Received DOM event "pageshow" for "https://staticxx.facebook.com/connect/xd_arbiter/r/0sTQzbapM8j.js?version=42#channel=f2f502dc5287d56&origin=https%3A%2F%2Fwww.kickstarter.com"
1503561310432	Marionette	DEBUG	Received DOM event "pageshow" for "https://www.kickstarter.com/discover/advanced?category_id=16"
1503561310953	Marionette	DEBUG	Received DOM event "pagehide" for "https://www.kickstarter.com/discover/advanced?category_id=16"
1503561311206	Marionette	DEBUG	Received DOM event "pagehide" for "https://staticxx.facebook.com/connect/xd_arbiter/r/0sTQzbapM8j.js?version=42#cb=f3f5c68820accd4&domain=www.kickstarter.com&origin=https%3A%2F%2Fwww.kickstarter.com%2Ff2f502dc5287d56&relation=parent&error=unknown_user"
1503561311210	Marionette	DEBUG	Canceled page load listener because no navigation has been detected
1503561602824	geckodriver	INFO	Listening on 127.0.0.1:53015
1503561604039	geckodriver::marionette	INFO	Starting browser /Applications/Firefox.app/Contents/MacOS/firefox-bin with args ["-marionette"]
1503561607614	Marionette	INFO	Listening on port 53028
1503561607740	Marionette	WARN	TLS certificate errors will be ignored for this session
1503561607957	Marionette	DEBUG	loaded listener.js
1503561607987	Marionette	DEBUG	Received DOM event "beforeunload" for "about:blank"
2017-08-24 10:00:08.038 plugin-container[4909:454274] *** CFMessagePort: bootstrap_register(): failed 1100 (0x44c) 'Permission denied', port = 0x973b, name = 'com.apple.tsm.portname'
See /usr/include/servers/bootstrap_defs.h for the error codes.
2017-08-24 10:00:08.039 plugin-container[4909:454274] *** CFMessagePort: bootstrap_register(): failed 1100 (0x44c) 'Permission denied', port = 0x9a03, name = 'com.apple.CFPasteboardClient'
See /usr/include/servers/bootstrap_defs.h for the error codes.
1503561609528	Marionette	DEBUG	Received DOM event "pagehide" for "about:blank"
1503561609530	Marionette	DEBUG	Received DOM event "unload" for "about:blank"
IPDL protocol error: Handler returned error code!

###!!! [Parent][DispatchAsyncMessage] Error: PLayerTransaction::Msg_ReleaseLayer Processing error: message was deserialized, but the handler returned false (indicating failure)

IPDL protocol error: Handler returned error code!

###!!! [Parent][DispatchAsyncMessage] Error: PLayerTransaction::Msg_ReleaseLayer Processing error: message was deserialized, but the handler returned false (indicating failure)


###!!! [Child][MessageChannel] Error: (msgtype=0x7E000E,name=PHttpChannel::Msg_DeletingChannel) Channel closing: too late to send/recv, messages will be lost


###!!! [Child][MessageChannel] Error: (msgtype=0x440102,name=PContent::Msg_AsyncMessage) Channel closing: too late to send/recv, messages will be lost

JavaScript error: chrome://global/content/process-content.js, line 71: NS_ERROR_UNEXPECTED: Component returned failure code: 0x8000ffff (NS_ERROR_UNEXPECTED) [nsIMessageSender.sendAsyncMessage]

###!!! [Child][MessageChannel] Error: (msgtype=0x440102,name=PContent::Msg_AsyncMessage) Channel closing: too late to send/recv, messages will be lost

JavaScript error: chrome://global/content/process-content.js, line 71: NS_ERROR_UNEXPECTED: Component returned failure code: 0x8000ffff (NS_ERROR_UNEXPECTED) [nsIMessageSender.sendAsyncMessage]

###!!! [Child][MessageChannel] Error: (msgtype=0x2C0048,name=PBrowser::Msg___delete__) Channel closing: too late to send/recv, messages will be lost


###!!! [Child][MessageChannel] Error: (msgtype=0x4400AB,name=PContent::Msg_ConsoleMessage) Channel closing: too late to send/recv, messages will be lost

1503561610342	Marionette	INFO	Ceased listening
1503561612455	Marionette	DEBUG	Received DOM event "DOMContentLoaded" for "https://www.kickstarter.com/discover/advanced?category_id=16"
1503561612949	Marionette	DEBUG	Received DOM event "pageshow" for "https://www.kickstarter.com/discover/advanced?category_id=16"
1503561613084	Marionette	DEBUG	Received DOM event "DOMContentLoaded" for "https://staticxx.facebook.com/connect/xd_arbiter/r/0sTQzbapM8j.js?version=42#channel=f38734808e8ffa4&origin=https%3A%2F%2Fwww.kickstarter.com"
1503561613089	Marionette	DEBUG	Received DOM event "pageshow" for "https://staticxx.facebook.com/connect/xd_arbiter/r/0sTQzbapM8j.js?version=42#channel=f38734808e8ffa4&origin=https%3A%2F%2Fwww.kickstarter.com"
1503561615472	Marionette	DEBUG	Received DOM event "pageshow" for "https://www.kickstarter.com/discover/advanced?category_id=16"
1503561615863	Marionette	DEBUG	Received DOM event "pagehide" for "https://www.kickstarter.com/discover/advanced?category_id=16"
1503561615946	Marionette	DEBUG	Received DOM event "pagehide" for "https://staticxx.facebook.com/connect/xd_arbiter/r/0sTQzbapM8j.js?version=42#cb=f3d4a78ba52e08a&domain=www.kickstarter.com&origin=https%3A%2F%2Fwww.kickstarter.com%2Ff38734808e8ffa4&relation=parent&error=unknown_user"
1503561616061	Marionette	DEBUG	Received observer notification "outer-window-destroyed" for "2147483656"
1503561616074	Marionette	DEBUG	Canceled page load listener because no navigation has been detected
1503562022092	geckodriver	INFO	Listening on 127.0.0.1:58841
1503562023181	geckodriver::marionette	INFO	Starting browser /Applications/Firefox.app/Contents/MacOS/firefox-bin with args ["-marionette"]
1503562027639	Marionette	INFO	Listening on port 58855
1503562027758	Marionette	WARN	TLS certificate errors will be ignored for this session
1503562028133	Marionette	DEBUG	loaded listener.js
1503562028188	Marionette	DEBUG	Received DOM event "beforeunload" for "about:blank"
2017-08-24 10:07:08.283 plugin-container[4957:457179] *** CFMessagePort: bootstrap_register(): failed 1100 (0x44c) 'Permission denied', port = 0x943b, name = 'com.apple.tsm.portname'
See /usr/include/servers/bootstrap_defs.h for the error codes.
2017-08-24 10:07:08.287 plugin-container[4957:457179] *** CFMessagePort: bootstrap_register(): failed 1100 (0x44c) 'Permission denied', port = 0x9703, name = 'com.apple.CFPasteboardClient'
See /usr/include/servers/bootstrap_defs.h for the error codes.
1503562029402	Marionette	DEBUG	Received DOM event "pagehide" for "about:blank"
1503562029403	Marionette	DEBUG	Received DOM event "unload" for "about:blank"
1503562033506	Marionette	DEBUG	Received DOM event "DOMContentLoaded" for "https://www.kickstarter.com/discover/advanced?category_id=16"
1503562034096	Marionette	DEBUG	Received DOM event "pageshow" for "https://www.kickstarter.com/discover/advanced?category_id=16"
1503562034274	Marionette	DEBUG	Received DOM event "DOMContentLoaded" for "https://staticxx.facebook.com/connect/xd_arbiter/r/0sTQzbapM8j.js?version=42#channel=f3d571986d92a4&origin=https%3A%2F%2Fwww.kickstarter.com"
1503562034279	Marionette	DEBUG	Received DOM event "pageshow" for "https://staticxx.facebook.com/connect/xd_arbiter/r/0sTQzbapM8j.js?version=42#channel=f3d571986d92a4&origin=https%3A%2F%2Fwww.kickstarter.com"
1503562035518	Marionette	DEBUG	Received DOM event "pageshow" for "https://www.kickstarter.com/discover/advanced?category_id=16"
1503562035985	Marionette	DEBUG	Received DOM event "pagehide" for "https://www.kickstarter.com/discover/advanced?category_id=16"
1503562036268	Marionette	DEBUG	Received DOM event "pagehide" for "https://staticxx.facebook.com/connect/xd_arbiter/r/0sTQzbapM8j.js?version=42#cb=f3989a31ebb9cde&domain=www.kickstarter.com&origin=https%3A%2F%2Fwww.kickstarter.com%2Ff3d571986d92a4&relation=parent&error=unknown_user"
1503562036272	Marionette	DEBUG	Canceled page load listener because no navigation has been detected
1503562112518	Marionette	INFO	Ceased listening
1503562114965	geckodriver	INFO	Listening on 127.0.0.1:59914
1503562116047	geckodriver::marionette	INFO	Starting browser /Applications/Firefox.app/Contents/MacOS/firefox-bin with args ["-marionette"]
1503562118771	Marionette	INFO	Listening on port 59927
1503562118872	Marionette	WARN	TLS certificate errors will be ignored for this session
1503562119216	Marionette	DEBUG	loaded listener.js
1503562119250	Marionette	DEBUG	Received DOM event "beforeunload" for "about:blank"
2017-08-24 10:08:39.326 plugin-container[4973:458091] *** CFMessagePort: bootstrap_register(): failed 1100 (0x44c) 'Permission denied', port = 0x963b, name = 'com.apple.tsm.portname'
See /usr/include/servers/bootstrap_defs.h for the error codes.
2017-08-24 10:08:39.331 plugin-container[4973:458091] *** CFMessagePort: bootstrap_register(): failed 1100 (0x44c) 'Permission denied', port = 0x9a03, name = 'com.apple.CFPasteboardClient'
See /usr/include/servers/bootstrap_defs.h for the error codes.
1503562120375	Marionette	DEBUG	Received DOM event "pagehide" for "about:blank"
1503562120375	Marionette	DEBUG	Received DOM event "unload" for "about:blank"
1503562122700	Marionette	DEBUG	Received DOM event "pageshow" for "https://www.kickstarter.com/discover/advanced?category_id=16"
1503562123445	Marionette	DEBUG	Received observer notification "outer-window-destroyed" for "2147483653"
1503562124177	Marionette	DEBUG	Received DOM event "DOMContentLoaded" for "https://www.kickstarter.com/discover/advanced?category_id=16"
1503562124932	Marionette	DEBUG	Received DOM event "pageshow" for "https://www.kickstarter.com/discover/advanced?category_id=16"
1503562125204	Marionette	DEBUG	Received DOM event "DOMContentLoaded" for "https://staticxx.facebook.com/connect/xd_arbiter/r/0sTQzbapM8j.js?version=42#channel=f32e3ded03638b2&origin=https%3A%2F%2Fwww.kickstarter.com"
1503562125211	Marionette	DEBUG	Received DOM event "pageshow" for "https://staticxx.facebook.com/connect/xd_arbiter/r/0sTQzbapM8j.js?version=42#channel=f32e3ded03638b2&origin=https%3A%2F%2Fwww.kickstarter.com"
1503562125816	Marionette	DEBUG	Received DOM event "pageshow" for "https://www.kickstarter.com/discover/advanced?category_id=16"
1503562126671	Marionette	DEBUG	Canceled page load listener because no navigation has been detected
1503562138109	geckodriver	INFO	Listening on 127.0.0.1:60221
1503562139322	geckodriver::marionette	INFO	Starting browser /Applications/Firefox.app/Contents/MacOS/firefox-bin with args ["-marionette"]
1503562142805	Marionette	INFO	Listening on port 60234
1503562142917	Marionette	WARN	TLS certificate errors will be ignored for this session
1503562143226	Marionette	DEBUG	loaded listener.js
1503562143261	Marionette	DEBUG	Received DOM event "beforeunload" for "about:blank"
2017-08-24 10:09:03.319 plugin-container[4987:458525] *** CFMessagePort: bootstrap_register(): failed 1100 (0x44c) 'Permission denied', port = 0x963b, name = 'com.apple.tsm.portname'
See /usr/include/servers/bootstrap_defs.h for the error codes.
2017-08-24 10:09:03.321 plugin-container[4987:458525] *** CFMessagePort: bootstrap_register(): failed 1100 (0x44c) 'Permission denied', port = 0x9903, name = 'com.apple.CFPasteboardClient'
See /usr/include/servers/bootstrap_defs.h for the error codes.
1503562144260	Marionette	DEBUG	Received DOM event "pagehide" for "about:blank"
1503562144260	Marionette	DEBUG	Received DOM event "unload" for "about:blank"
IPDL protocol error: Handler returned error code!

###!!! [Parent][DispatchAsyncMessage] Error: PLayerTransaction::Msg_ReleaseLayer Processing error: message was deserialized, but the handler returned false (indicating failure)

IPDL protocol error: Handler returned error code!

###!!! [Parent][DispatchAsyncMessage] Error: PLayerTransaction::Msg_ReleaseLayer Processing error: message was deserialized, but the handler returned false (indicating failure)

1503562145660	Marionette	INFO	Ceased listening
1503562147985	Marionette	DEBUG	Received DOM event "DOMContentLoaded" for "https://www.kickstarter.com/discover/advanced?category_id=16"
1503562148829	Marionette	DEBUG	Received DOM event "pageshow" for "https://www.kickstarter.com/discover/advanced?category_id=16"
1503562149114	Marionette	DEBUG	Received DOM event "DOMContentLoaded" for "https://staticxx.facebook.com/connect/xd_arbiter/r/0sTQzbapM8j.js?version=42#channel=f67a022d84c63a&origin=https%3A%2F%2Fwww.kickstarter.com"
1503562149119	Marionette	DEBUG	Received DOM event "pageshow" for "https://staticxx.facebook.com/connect/xd_arbiter/r/0sTQzbapM8j.js?version=42#channel=f67a022d84c63a&origin=https%3A%2F%2Fwww.kickstarter.com"
1503562149854	Marionette	DEBUG	Received DOM event "pageshow" for "https://www.kickstarter.com/discover/advanced?category_id=16"
1503562150487	Marionette	DEBUG	Received DOM event "pagehide" for "https://www.kickstarter.com/discover/advanced?category_id=16"
1503562150518	Marionette	DEBUG	Canceled page load listener because no navigation has been detected
1503562179702	geckodriver	INFO	Listening on 127.0.0.1:60737
1503562180832	geckodriver::marionette	INFO	Starting browser /Applications/Firefox.app/Contents/MacOS/firefox-bin with args ["-marionette"]
1503562183601	Marionette	INFO	Listening on port 60750
1503562183744	Marionette	WARN	TLS certificate errors will be ignored for this session
1503562184002	Marionette	DEBUG	loaded listener.js
1503562184039	Marionette	DEBUG	Received DOM event "beforeunload" for "about:blank"
2017-08-24 10:09:44.163 plugin-container[5009:459100] *** CFMessagePort: bootstrap_register(): failed 1100 (0x44c) 'Permission denied', port = 0x963b, name = 'com.apple.tsm.portname'
See /usr/include/servers/bootstrap_defs.h for the error codes.
2017-08-24 10:09:44.171 plugin-container[5009:459100] *** CFMessagePort: bootstrap_register(): failed 1100 (0x44c) 'Permission denied', port = 0x9903, name = 'com.apple.CFPasteboardClient'
See /usr/include/servers/bootstrap_defs.h for the error codes.
1503562185366	Marionette	DEBUG	Received DOM event "pagehide" for "about:blank"
1503562185367	Marionette	DEBUG	Received DOM event "unload" for "about:blank"
1503562188602	Marionette	DEBUG	Received DOM event "DOMContentLoaded" for "https://www.kickstarter.com/discover/advanced?category_id=16"
1503562189535	Marionette	DEBUG	Received DOM event "pageshow" for "https://www.kickstarter.com/discover/advanced?category_id=16"
1503562189687	Marionette	DEBUG	Received DOM event "DOMContentLoaded" for "https://staticxx.facebook.com/connect/xd_arbiter/r/0sTQzbapM8j.js?version=42#channel=fce0f1d94ad9ee&origin=https%3A%2F%2Fwww.kickstarter.com"
1503562189690	Marionette	DEBUG	Received DOM event "pageshow" for "https://staticxx.facebook.com/connect/xd_arbiter/r/0sTQzbapM8j.js?version=42#channel=fce0f1d94ad9ee&origin=https%3A%2F%2Fwww.kickstarter.com"
1503562190734	Marionette	DEBUG	Received DOM event "pageshow" for "https://www.kickstarter.com/discover/advanced?category_id=16"
1503562191522	Marionette	DEBUG	Received DOM event "pagehide" for "https://www.kickstarter.com/discover/advanced?category_id=16"
1503562191532	Marionette	DEBUG	Canceled page load listener because no navigation has been detected
1503562215078	geckodriver	INFO	Listening on 127.0.0.1:61142
1503562216145	geckodriver::marionette	INFO	Starting browser /Applications/Firefox.app/Contents/MacOS/firefox-bin with args ["-marionette"]
1503562218988	Marionette	INFO	Listening on port 61156
1503562219133	Marionette	WARN	TLS certificate errors will be ignored for this session
1503562219368	Marionette	DEBUG	loaded listener.js
1503562219403	Marionette	DEBUG	Received DOM event "beforeunload" for "about:blank"
2017-08-24 10:10:19.468 plugin-container[5025:459604] *** CFMessagePort: bootstrap_register(): failed 1100 (0x44c) 'Permission denied', port = 0x963b, name = 'com.apple.tsm.portname'
See /usr/include/servers/bootstrap_defs.h for the error codes.
2017-08-24 10:10:19.472 plugin-container[5025:459604] *** CFMessagePort: bootstrap_register(): failed 1100 (0x44c) 'Permission denied', port = 0x9a03, name = 'com.apple.CFPasteboardClient'
See /usr/include/servers/bootstrap_defs.h for the error codes.
1503562220627	Marionette	DEBUG	Received DOM event "pagehide" for "about:blank"
1503562220633	Marionette	DEBUG	Received DOM event "unload" for "about:blank"
1503562223973	Marionette	DEBUG	Received DOM event "DOMContentLoaded" for "https://www.kickstarter.com/discover/advanced?category_id=16"
1503562224557	Marionette	DEBUG	Received DOM event "pageshow" for "https://www.kickstarter.com/discover/advanced?category_id=16"
1503562224704	Marionette	DEBUG	Received DOM event "DOMContentLoaded" for "https://staticxx.facebook.com/connect/xd_arbiter/r/0sTQzbapM8j.js?version=42#channel=f11527a5ef7f3ae&origin=https%3A%2F%2Fwww.kickstarter.com"
1503562224706	Marionette	DEBUG	Received DOM event "pageshow" for "https://staticxx.facebook.com/connect/xd_arbiter/r/0sTQzbapM8j.js?version=42#channel=f11527a5ef7f3ae&origin=https%3A%2F%2Fwww.kickstarter.com"
1503562225695	Marionette	DEBUG	Received DOM event "pageshow" for "https://www.kickstarter.com/discover/advanced?category_id=16"
1503562226313	Marionette	DEBUG	Received DOM event "pagehide" for "https://www.kickstarter.com/discover/advanced?category_id=16"
1503562226326	Marionette	DEBUG	Canceled page load listener because no navigation has been detected
*************************
A coding exception was thrown and uncaught in a Task.

Full message: TypeError: NetworkError when attempting to fetch resource.
Full stack: 
*************************
1503562238816	Marionette	INFO	Ceased listening
1503562240776	Marionette	INFO	Ceased listening
IPDL protocol error: Handler returned error code!

###!!! [Parent][DispatchAsyncMessage] Error: PLayerTransaction::Msg_ReleaseLayer Processing error: message was deserialized, but the handler returned false (indicating failure)

IPDL protocol error: Handler returned error code!

###!!! [Parent][DispatchAsyncMessage] Error: PLayerTransaction::Msg_ReleaseLayer Processing error: message was deserialized, but the handler returned false (indicating failure)

1503562242206	Marionette	INFO	Ceased listening
1503562287925	geckodriver	INFO	Listening on 127.0.0.1:61839
1503562289046	geckodriver::marionette	INFO	Starting browser /Applications/Firefox.app/Contents/MacOS/firefox-bin with args ["-marionette"]
1503562291349	Marionette	INFO	Listening on port 61853
1503562291413	Marionette	WARN	TLS certificate errors will be ignored for this session
1503562291700	Marionette	DEBUG	loaded listener.js
1503562291735	Marionette	DEBUG	Received DOM event "beforeunload" for "about:blank"
2017-08-24 10:11:31.802 plugin-container[5043:460468] *** CFMessagePort: bootstrap_register(): failed 1100 (0x44c) 'Permission denied', port = 0x943b, name = 'com.apple.tsm.portname'
See /usr/include/servers/bootstrap_defs.h for the error codes.
2017-08-24 10:11:31.806 plugin-container[5043:460468] *** CFMessagePort: bootstrap_register(): failed 1100 (0x44c) 'Permission denied', port = 0x9703, name = 'com.apple.CFPasteboardClient'
See /usr/include/servers/bootstrap_defs.h for the error codes.
1503562292817	Marionette	DEBUG	Received DOM event "pagehide" for "about:blank"
1503562292817	Marionette	DEBUG	Received DOM event "unload" for "about:blank"
1503562295768	Marionette	DEBUG	Received DOM event "DOMContentLoaded" for "https://www.kickstarter.com/discover/advanced?category_id=16"
1503562296323	Marionette	DEBUG	Received DOM event "pageshow" for "https://www.kickstarter.com/discover/advanced?category_id=16"
1503562296438	Marionette	DEBUG	Received DOM event "DOMContentLoaded" for "https://staticxx.facebook.com/connect/xd_arbiter/r/0sTQzbapM8j.js?version=42#channel=f3acc0ae5e55fd&origin=https%3A%2F%2Fwww.kickstarter.com"
1503562296442	Marionette	DEBUG	Received DOM event "pageshow" for "https://staticxx.facebook.com/connect/xd_arbiter/r/0sTQzbapM8j.js?version=42#channel=f3acc0ae5e55fd&origin=https%3A%2F%2Fwww.kickstarter.com"
1503562297358	Marionette	DEBUG	Received DOM event "pageshow" for "https://www.kickstarter.com/discover/advanced?category_id=16"
1503562297938	Marionette	DEBUG	Received DOM event "pagehide" for "https://www.kickstarter.com/discover/advanced?category_id=16"
1503562297943	Marionette	DEBUG	Canceled page load listener because no navigation has been detected
1503562328112	geckodriver	INFO	Listening on 127.0.0.1:62222
1503562328224	geckodriver::marionette	INFO	Starting browser /Applications/Firefox.app/Contents/MacOS/firefox-bin with args ["-marionette"]
1503562331016	Marionette	INFO	Listening on port 62229
1503562331100	Marionette	WARN	TLS certificate errors will be ignored for this session
1503562331391	Marionette	DEBUG	loaded listener.js
1503562331427	Marionette	DEBUG	Received DOM event "beforeunload" for "about:blank"
2017-08-24 10:12:11.487 plugin-container[5056:460980] *** CFMessagePort: bootstrap_register(): failed 1100 (0x44c) 'Permission denied', port = 0x963b, name = 'com.apple.tsm.portname'
See /usr/include/servers/bootstrap_defs.h for the error codes.
2017-08-24 10:12:11.488 plugin-container[5056:460980] *** CFMessagePort: bootstrap_register(): failed 1100 (0x44c) 'Permission denied', port = 0x9903, name = 'com.apple.CFPasteboardClient'
See /usr/include/servers/bootstrap_defs.h for the error codes.
1503562332621	Marionette	DEBUG	Received DOM event "pagehide" for "about:blank"
1503562332621	Marionette	DEBUG	Received DOM event "unload" for "about:blank"
1503562335418	Marionette	DEBUG	Received DOM event "DOMContentLoaded" for "https://www.kickstarter.com/discover/advanced?category_id=16"
1503562336091	Marionette	DEBUG	Received DOM event "pageshow" for "https://www.kickstarter.com/discover/advanced?category_id=16"
1503562336199	Marionette	DEBUG	Received DOM event "DOMContentLoaded" for "https://staticxx.facebook.com/connect/xd_arbiter/r/0sTQzbapM8j.js?version=42#channel=f29026d1ad1de14&origin=https%3A%2F%2Fwww.kickstarter.com"
1503562336201	Marionette	DEBUG	Received DOM event "pageshow" for "https://staticxx.facebook.com/connect/xd_arbiter/r/0sTQzbapM8j.js?version=42#channel=f29026d1ad1de14&origin=https%3A%2F%2Fwww.kickstarter.com"
1503562337488	Marionette	DEBUG	Received DOM event "pageshow" for "https://www.kickstarter.com/discover/advanced?category_id=16"
1503562338078	Marionette	DEBUG	Received DOM event "pagehide" for "https://www.kickstarter.com/discover/advanced?category_id=16"
1503562338361	Marionette	DEBUG	Received DOM event "pagehide" for "https://staticxx.facebook.com/connect/xd_arbiter/r/0sTQzbapM8j.js?version=42#cb=f39565a3cfc2918&domain=www.kickstarter.com&origin=https%3A%2F%2Fwww.kickstarter.com%2Ff29026d1ad1de14&relation=parent&error=unknown_user"
1503562338364	Marionette	DEBUG	Canceled page load listener because no navigation has been detected
IPDL protocol error: Handler returned error code!

###!!! [Parent][DispatchAsyncMessage] Error: PLayerTransaction::Msg_ReleaseLayer Processing error: message was deserialized, but the handler returned false (indicating failure)


###!!! [Child][MessageChannel] Error: (msgtype=0x440102,name=PContent::Msg_AsyncMessage) Channel closing: too late to send/recv, messages will be lost

JavaScript error: chrome://global/content/process-content.js, line 71: NS_ERROR_UNEXPECTED: Component returned failure code: 0x8000ffff (NS_ERROR_UNEXPECTED) [nsIMessageSender.sendAsyncMessage]

###!!! [Child][MessageChannel] Error: (msgtype=0x2C0048,name=PBrowser::Msg___delete__) Channel closing: too late to send/recv, messages will be lost

1503562358208	Marionette	INFO	Ceased listening
1503562361241	Marionette	INFO	Ceased listening
1503562652725	geckodriver	INFO	Listening on 127.0.0.1:64433
1503562653807	geckodriver::marionette	INFO	Starting browser /Applications/Firefox.app/Contents/MacOS/firefox-bin with args ["-marionette"]
1503562656601	Marionette	INFO	Listening on port 64446
1503562656760	Marionette	WARN	TLS certificate errors will be ignored for this session
1503562656979	Marionette	DEBUG	loaded listener.js
1503562657016	Marionette	DEBUG	Received DOM event "beforeunload" for "about:blank"
2017-08-24 10:17:37.081 plugin-container[5077:463448] *** CFMessagePort: bootstrap_register(): failed 1100 (0x44c) 'Permission denied', port = 0x963b, name = 'com.apple.tsm.portname'
See /usr/include/servers/bootstrap_defs.h for the error codes.
2017-08-24 10:17:37.085 plugin-container[5077:463448] *** CFMessagePort: bootstrap_register(): failed 1100 (0x44c) 'Permission denied', port = 0x9903, name = 'com.apple.CFPasteboardClient'
See /usr/include/servers/bootstrap_defs.h for the error codes.
1503562658135	Marionette	DEBUG	Received DOM event "pagehide" for "about:blank"
1503562658136	Marionette	DEBUG	Received DOM event "unload" for "about:blank"
1503562660903	Marionette	DEBUG	Received DOM event "DOMContentLoaded" for "https://www.kickstarter.com/discover/advanced?category_id=16"
1503562661505	Marionette	DEBUG	Received DOM event "pageshow" for "https://www.kickstarter.com/discover/advanced?category_id=16"
1503562661629	Marionette	DEBUG	Received DOM event "DOMContentLoaded" for "https://staticxx.facebook.com/connect/xd_arbiter/r/0sTQzbapM8j.js?version=42#channel=f4d659687f1f5&origin=https%3A%2F%2Fwww.kickstarter.com"
1503562661632	Marionette	DEBUG	Received DOM event "pageshow" for "https://staticxx.facebook.com/connect/xd_arbiter/r/0sTQzbapM8j.js?version=42#channel=f4d659687f1f5&origin=https%3A%2F%2Fwww.kickstarter.com"
1503562662570	Marionette	DEBUG	Received DOM event "pageshow" for "https://www.kickstarter.com/discover/advanced?category_id=16"
1503562663168	Marionette	DEBUG	Received DOM event "pagehide" for "https://www.kickstarter.com/discover/advanced?category_id=16"
1503562663172	Marionette	DEBUG	Canceled page load listener because no navigation has been detected
1503562728347	geckodriver	INFO	Listening on 127.0.0.1:65128
1503562729438	geckodriver::marionette	INFO	Starting browser /Applications/Firefox.app/Contents/MacOS/firefox-bin with args ["-marionette"]
1503562731960	Marionette	INFO	Listening on port 65142
1503562732117	Marionette	WARN	TLS certificate errors will be ignored for this session
1503562732352	Marionette	DEBUG	loaded listener.js
1503562732395	Marionette	DEBUG	Received DOM event "beforeunload" for "about:blank"
2017-08-24 10:18:52.470 plugin-container[5094:464125] *** CFMessagePort: bootstrap_register(): failed 1100 (0x44c) 'Permission denied', port = 0x963b, name = 'com.apple.tsm.portname'
See /usr/include/servers/bootstrap_defs.h for the error codes.
2017-08-24 10:18:52.474 plugin-container[5094:464125] *** CFMessagePort: bootstrap_register(): failed 1100 (0x44c) 'Permission denied', port = 0x9903, name = 'com.apple.CFPasteboardClient'
See /usr/include/servers/bootstrap_defs.h for the error codes.
1503562733528	Marionette	DEBUG	Received DOM event "pagehide" for "about:blank"
1503562733529	Marionette	DEBUG	Received DOM event "unload" for "about:blank"
1503562736321	Marionette	DEBUG	Received DOM event "DOMContentLoaded" for "https://www.kickstarter.com/discover/advanced?category_id=16"
1503562736964	Marionette	DEBUG	Received DOM event "pageshow" for "https://www.kickstarter.com/discover/advanced?category_id=16"
1503562737056	Marionette	DEBUG	Received DOM event "DOMContentLoaded" for "https://staticxx.facebook.com/connect/xd_arbiter/r/0sTQzbapM8j.js?version=42#channel=f2484cc0bcf6be4&origin=https%3A%2F%2Fwww.kickstarter.com"
1503562737058	Marionette	DEBUG	Received DOM event "pageshow" for "https://staticxx.facebook.com/connect/xd_arbiter/r/0sTQzbapM8j.js?version=42#channel=f2484cc0bcf6be4&origin=https%3A%2F%2Fwww.kickstarter.com"
1503562738058	Marionette	DEBUG	Received DOM event "pageshow" for "https://www.kickstarter.com/discover/advanced?category_id=16"
1503562738693	Marionette	DEBUG	Received DOM event "pagehide" for "https://www.kickstarter.com/discover/advanced?category_id=16"
1503562738996	Marionette	DEBUG	Canceled page load listener because no navigation has been detected
1503562823217	geckodriver	INFO	Listening on 127.0.0.1:49356
1503562824283	geckodriver::marionette	INFO	Starting browser /Applications/Firefox.app/Contents/MacOS/firefox-bin with args ["-marionette"]
1503562827130	Marionette	INFO	Listening on port 49369
1503562827221	Marionette	WARN	TLS certificate errors will be ignored for this session
1503562827597	Marionette	DEBUG	loaded listener.js
1503562827637	Marionette	DEBUG	Received DOM event "beforeunload" for "about:blank"
2017-08-24 10:20:27.717 plugin-container[5108:465067] *** CFMessagePort: bootstrap_register(): failed 1100 (0x44c) 'Permission denied', port = 0x943b, name = 'com.apple.tsm.portname'
See /usr/include/servers/bootstrap_defs.h for the error codes.
2017-08-24 10:20:27.721 plugin-container[5108:465067] *** CFMessagePort: bootstrap_register(): failed 1100 (0x44c) 'Permission denied', port = 0x9703, name = 'com.apple.CFPasteboardClient'
See /usr/include/servers/bootstrap_defs.h for the error codes.
1503562829272	Marionette	DEBUG	Received DOM event "pagehide" for "about:blank"
1503562829277	Marionette	DEBUG	Received DOM event "unload" for "about:blank"
1503562832348	Marionette	DEBUG	Received DOM event "DOMContentLoaded" for "https://www.kickstarter.com/discover/advanced?category_id=16"
1503562833058	Marionette	DEBUG	Received DOM event "pageshow" for "https://www.kickstarter.com/discover/advanced?category_id=16"
1503562833201	Marionette	DEBUG	Received DOM event "DOMContentLoaded" for "https://staticxx.facebook.com/connect/xd_arbiter/r/0sTQzbapM8j.js?version=42#channel=f6b9c4185a030c&origin=https%3A%2F%2Fwww.kickstarter.com"
1503562833204	Marionette	DEBUG	Received DOM event "pageshow" for "https://staticxx.facebook.com/connect/xd_arbiter/r/0sTQzbapM8j.js?version=42#channel=f6b9c4185a030c&origin=https%3A%2F%2Fwww.kickstarter.com"
1503562834073	Marionette	DEBUG	Received DOM event "pageshow" for "https://www.kickstarter.com/discover/advanced?category_id=16"
1503562834663	Marionette	DEBUG	Received DOM event "pagehide" for "https://www.kickstarter.com/discover/advanced?category_id=16"
1503562835046	Marionette	DEBUG	Canceled page load listener because no navigation has been detected
1503563009383	geckodriver	INFO	Listening on 127.0.0.1:50788
1503563010447	geckodriver::marionette	INFO	Starting browser /Applications/Firefox.app/Contents/MacOS/firefox-bin with args ["-marionette"]
1503563013061	Marionette	INFO	Listening on port 50801
1503563013142	Marionette	WARN	TLS certificate errors will be ignored for this session
1503563013422	Marionette	DEBUG	loaded listener.js
1503563013467	Marionette	DEBUG	Received DOM event "beforeunload" for "about:blank"
2017-08-24 10:23:33.537 plugin-container[5132:466499] *** CFMessagePort: bootstrap_register(): failed 1100 (0x44c) 'Permission denied', port = 0x963b, name = 'com.apple.tsm.portname'
See /usr/include/servers/bootstrap_defs.h for the error codes.
2017-08-24 10:23:33.542 plugin-container[5132:466499] *** CFMessagePort: bootstrap_register(): failed 1100 (0x44c) 'Permission denied', port = 0x9a03, name = 'com.apple.CFPasteboardClient'
See /usr/include/servers/bootstrap_defs.h for the error codes.
1503563014642	Marionette	DEBUG	Received DOM event "pagehide" for "about:blank"
1503563014643	Marionette	DEBUG	Received DOM event "unload" for "about:blank"
1503563016268	Marionette	DEBUG	Received DOM event "pageshow" for "https://www.kickstarter.com/discover/advanced?category_id=16"
1503563016316	Marionette	DEBUG	Received observer notification "outer-window-destroyed" for "2147483653"
1503563017982	Marionette	DEBUG	Received DOM event "DOMContentLoaded" for "https://www.kickstarter.com/discover/advanced?category_id=16"
1503563018393	Marionette	DEBUG	Received DOM event "pageshow" for "https://www.kickstarter.com/discover/advanced?category_id=16"
1503563018537	Marionette	DEBUG	Received DOM event "DOMContentLoaded" for "https://staticxx.facebook.com/connect/xd_arbiter/r/0sTQzbapM8j.js?version=42#channel=f598772c757488&origin=https%3A%2F%2Fwww.kickstarter.com"
1503563018542	Marionette	DEBUG	Received DOM event "pageshow" for "https://staticxx.facebook.com/connect/xd_arbiter/r/0sTQzbapM8j.js?version=42#channel=f598772c757488&origin=https%3A%2F%2Fwww.kickstarter.com"
1503563020070	Marionette	DEBUG	Received DOM event "pageshow" for "https://www.kickstarter.com/discover/advanced?category_id=16"
1503563020691	Marionette	DEBUG	Received DOM event "pagehide" for "https://www.kickstarter.com/discover/advanced?category_id=16"
1503563020964	Marionette	DEBUG	Received DOM event "pagehide" for "https://staticxx.facebook.com/connect/xd_arbiter/r/0sTQzbapM8j.js?version=42#cb=f2d9d6ac53efc7e&domain=www.kickstarter.com&origin=https%3A%2F%2Fwww.kickstarter.com%2Ff598772c757488&relation=parent&error=unknown_user"
1503563020967	Marionette	DEBUG	Canceled page load listener because no navigation has been detected
1503563117269	geckodriver	INFO	Listening on 127.0.0.1:51389
1503563118361	geckodriver::marionette	INFO	Starting browser /Applications/Firefox.app/Contents/MacOS/firefox-bin with args ["-marionette"]
1503563121744	Marionette	INFO	Listening on port 51402
1503563121890	Marionette	WARN	TLS certificate errors will be ignored for this session
1503563122158	Marionette	DEBUG	loaded listener.js
1503563122194	Marionette	DEBUG	Received DOM event "beforeunload" for "about:blank"
2017-08-24 10:25:22.253 plugin-container[5148:467398] *** CFMessagePort: bootstrap_register(): failed 1100 (0x44c) 'Permission denied', port = 0x953b, name = 'com.apple.tsm.portname'
See /usr/include/servers/bootstrap_defs.h for the error codes.
2017-08-24 10:25:22.254 plugin-container[5148:467398] *** CFMessagePort: bootstrap_register(): failed 1100 (0x44c) 'Permission denied', port = 0x9803, name = 'com.apple.CFPasteboardClient'
See /usr/include/servers/bootstrap_defs.h for the error codes.
1503563123262	Marionette	DEBUG	Received DOM event "pagehide" for "about:blank"
1503563123263	Marionette	DEBUG	Received DOM event "unload" for "about:blank"
1503563126350	Marionette	DEBUG	Received DOM event "DOMContentLoaded" for "https://www.kickstarter.com/discover/advanced?category_id=16"
1503563126914	Marionette	DEBUG	Received DOM event "pageshow" for "https://www.kickstarter.com/discover/advanced?category_id=16"
1503563127092	Marionette	DEBUG	Received DOM event "DOMContentLoaded" for "https://staticxx.facebook.com/connect/xd_arbiter/r/0sTQzbapM8j.js?version=42#channel=f2070bb17cdeb&origin=https%3A%2F%2Fwww.kickstarter.com"
1503563127096	Marionette	DEBUG	Received DOM event "pageshow" for "https://staticxx.facebook.com/connect/xd_arbiter/r/0sTQzbapM8j.js?version=42#channel=f2070bb17cdeb&origin=https%3A%2F%2Fwww.kickstarter.com"
1503563127943	Marionette	DEBUG	Received DOM event "pageshow" for "https://www.kickstarter.com/discover/advanced?category_id=16"
1503563128595	Marionette	DEBUG	Received DOM event "pagehide" for "https://www.kickstarter.com/discover/advanced?category_id=16"
1503563128851	Marionette	DEBUG	Canceled page load listener because no navigation has been detected
1503563140704	geckodriver	INFO	Listening on 127.0.0.1:51672
1503563140779	geckodriver::marionette	INFO	Starting browser /Applications/Firefox.app/Contents/MacOS/firefox-bin with args ["-marionette"]
1503563143863	Marionette	INFO	Listening on port 51679
1503563143943	Marionette	WARN	TLS certificate errors will be ignored for this session
1503563144272	Marionette	DEBUG	loaded listener.js
1503563144315	Marionette	DEBUG	Received DOM event "beforeunload" for "about:blank"
2017-08-24 10:25:44.383 plugin-container[5163:467802] *** CFMessagePort: bootstrap_register(): failed 1100 (0x44c) 'Permission denied', port = 0x973b, name = 'com.apple.tsm.portname'
See /usr/include/servers/bootstrap_defs.h for the error codes.
2017-08-24 10:25:44.385 plugin-container[5163:467802] *** CFMessagePort: bootstrap_register(): failed 1100 (0x44c) 'Permission denied', port = 0x9a03, name = 'com.apple.CFPasteboardClient'
See /usr/include/servers/bootstrap_defs.h for the error codes.
1503563145752	Marionette	DEBUG	Received DOM event "pagehide" for "about:blank"
1503563145752	Marionette	DEBUG	Received DOM event "unload" for "about:blank"
1503563149572	Marionette	DEBUG	Received DOM event "DOMContentLoaded" for "https://www.kickstarter.com/discover/advanced?category_id=16"
1503563150659	Marionette	DEBUG	Received DOM event "pageshow" for "https://www.kickstarter.com/discover/advanced?category_id=16"
1503563150803	Marionette	DEBUG	Received DOM event "DOMContentLoaded" for "https://staticxx.facebook.com/connect/xd_arbiter/r/0sTQzbapM8j.js?version=42#channel=f25107cbf964e46&origin=https%3A%2F%2Fwww.kickstarter.com"
1503563150807	Marionette	DEBUG	Received DOM event "pageshow" for "https://staticxx.facebook.com/connect/xd_arbiter/r/0sTQzbapM8j.js?version=42#channel=f25107cbf964e46&origin=https%3A%2F%2Fwww.kickstarter.com"
1503563151335	Marionette	DEBUG	Received DOM event "pageshow" for "https://www.kickstarter.com/discover/advanced?category_id=16"
1503563152105	Marionette	DEBUG	Received DOM event "pagehide" for "https://www.kickstarter.com/discover/advanced?category_id=16"
1503563152182	Marionette	DEBUG	Canceled page load listener because no navigation has been detected
1503563162935	Marionette	INFO	Ceased listening
1503563164494	Marionette	INFO	Ceased listening
1503563166101	Marionette	INFO	Ceased listening
1503563167865	Marionette	INFO	Ceased listening
1503563169876	Marionette	INFO	Ceased listening
1503563171895	Marionette	INFO	Ceased listening
1503563280486	geckodriver	INFO	Listening on 127.0.0.1:52573
1503563281619	geckodriver::marionette	INFO	Starting browser /Applications/Firefox.app/Contents/MacOS/firefox-bin with args ["-marionette"]
1503563285558	Marionette	INFO	Listening on port 52587
1503563285657	Marionette	WARN	TLS certificate errors will be ignored for this session
1503563285942	Marionette	DEBUG	loaded listener.js
1503563285982	Marionette	DEBUG	Received DOM event "beforeunload" for "about:blank"
2017-08-24 10:28:06.064 plugin-container[5179:469131] *** CFMessagePort: bootstrap_register(): failed 1100 (0x44c) 'Permission denied', port = 0x943b, name = 'com.apple.tsm.portname'
See /usr/include/servers/bootstrap_defs.h for the error codes.
2017-08-24 10:28:06.068 plugin-container[5179:469131] *** CFMessagePort: bootstrap_register(): failed 1100 (0x44c) 'Permission denied', port = 0x9707, name = 'com.apple.CFPasteboardClient'
See /usr/include/servers/bootstrap_defs.h for the error codes.
1503563287251	Marionette	DEBUG	Received DOM event "pagehide" for "about:blank"
1503563287252	Marionette	DEBUG	Received DOM event "unload" for "about:blank"
1503563291885	Marionette	DEBUG	Received DOM event "DOMContentLoaded" for "https://www.kickstarter.com/discover/advanced?category_id=16"
1503563293479	Marionette	DEBUG	Received DOM event "pageshow" for "https://www.kickstarter.com/discover/advanced?category_id=16"
1503563293687	Marionette	DEBUG	Received DOM event "DOMContentLoaded" for "https://staticxx.facebook.com/connect/xd_arbiter/r/0sTQzbapM8j.js?version=42#channel=f1e8dae83f526a&origin=https%3A%2F%2Fwww.kickstarter.com"
1503563293694	Marionette	DEBUG	Received DOM event "pageshow" for "https://staticxx.facebook.com/connect/xd_arbiter/r/0sTQzbapM8j.js?version=42#channel=f1e8dae83f526a&origin=https%3A%2F%2Fwww.kickstarter.com"
1503563293751	Marionette	DEBUG	Received DOM event "pageshow" for "https://www.kickstarter.com/discover/advanced?category_id=16"
1503563295218	Marionette	DEBUG	Canceled page load listener because no navigation has been detected
1503563316165	geckodriver	INFO	Listening on 127.0.0.1:52933
1503563317218	geckodriver::marionette	INFO	Starting browser /Applications/Firefox.app/Contents/MacOS/firefox-bin with args ["-marionette"]
1503563320006	Marionette	INFO	Listening on port 52946
1503563320078	Marionette	WARN	TLS certificate errors will be ignored for this session
1503563320399	Marionette	DEBUG	loaded listener.js
1503563320439	Marionette	DEBUG	Received DOM event "beforeunload" for "about:blank"
2017-08-24 10:28:40.498 plugin-container[5193:469679] *** CFMessagePort: bootstrap_register(): failed 1100 (0x44c) 'Permission denied', port = 0x943b, name = 'com.apple.tsm.portname'
See /usr/include/servers/bootstrap_defs.h for the error codes.
2017-08-24 10:28:40.499 plugin-container[5193:469679] *** CFMessagePort: bootstrap_register(): failed 1100 (0x44c) 'Permission denied', port = 0x9703, name = 'com.apple.CFPasteboardClient'
See /usr/include/servers/bootstrap_defs.h for the error codes.
1503563321687	Marionette	DEBUG	Received DOM event "pagehide" for "about:blank"
1503563321688	Marionette	DEBUG	Received DOM event "unload" for "about:blank"
1503563325045	Marionette	DEBUG	Received DOM event "DOMContentLoaded" for "https://www.kickstarter.com/discover/advanced?category_id=16"
1503563325795	Marionette	DEBUG	Received DOM event "pageshow" for "https://www.kickstarter.com/discover/advanced?category_id=16"
1503563325961	Marionette	DEBUG	Received DOM event "DOMContentLoaded" for "https://staticxx.facebook.com/connect/xd_arbiter/r/0sTQzbapM8j.js?version=42#channel=f3c40a0dae84bcc&origin=https%3A%2F%2Fwww.kickstarter.com"
1503563325965	Marionette	DEBUG	Received DOM event "pageshow" for "https://staticxx.facebook.com/connect/xd_arbiter/r/0sTQzbapM8j.js?version=42#channel=f3c40a0dae84bcc&origin=https%3A%2F%2Fwww.kickstarter.com"
1503563327039	Marionette	DEBUG	Received DOM event "pageshow" for "https://www.kickstarter.com/discover/advanced?category_id=16"
1503563327750	Marionette	DEBUG	Received DOM event "pagehide" for "https://www.kickstarter.com/discover/advanced?category_id=16"
1503563327756	Marionette	DEBUG	Canceled page load listener because no navigation has been detected
1503563444539	geckodriver	INFO	Listening on 127.0.0.1:53837
1503563445607	geckodriver::marionette	INFO	Starting browser /Applications/Firefox.app/Contents/MacOS/firefox-bin with args ["-marionette"]
1503563448326	Marionette	INFO	Listening on port 53850
1503563448432	Marionette	WARN	TLS certificate errors will be ignored for this session
1503563448814	Marionette	DEBUG	loaded listener.js
1503563448858	Marionette	DEBUG	Received DOM event "beforeunload" for "about:blank"
2017-08-24 10:30:48.939 plugin-container[5213:470818] *** CFMessagePort: bootstrap_register(): failed 1100 (0x44c) 'Permission denied', port = 0x963b, name = 'com.apple.tsm.portname'
See /usr/include/servers/bootstrap_defs.h for the error codes.
2017-08-24 10:30:48.943 plugin-container[5213:470818] *** CFMessagePort: bootstrap_register(): failed 1100 (0x44c) 'Permission denied', port = 0x9a03, name = 'com.apple.CFPasteboardClient'
See /usr/include/servers/bootstrap_defs.h for the error codes.
1503563450423	Marionette	DEBUG	Received DOM event "pagehide" for "about:blank"
1503563450423	Marionette	DEBUG	Received DOM event "unload" for "about:blank"
1503563453448	Marionette	DEBUG	Received DOM event "DOMContentLoaded" for "https://www.kickstarter.com/discover/advanced?category_id=16"
1503563453887	Marionette	DEBUG	Received DOM event "pageshow" for "https://www.kickstarter.com/discover/advanced?category_id=16"
1503563454045	Marionette	DEBUG	Received DOM event "DOMContentLoaded" for "https://staticxx.facebook.com/connect/xd_arbiter/r/0sTQzbapM8j.js?version=42#channel=f23576c9085936a&origin=https%3A%2F%2Fwww.kickstarter.com"
1503563454049	Marionette	DEBUG	Received DOM event "pageshow" for "https://staticxx.facebook.com/connect/xd_arbiter/r/0sTQzbapM8j.js?version=42#channel=f23576c9085936a&origin=https%3A%2F%2Fwww.kickstarter.com"
1503563455443	Marionette	DEBUG	Received DOM event "pageshow" for "https://www.kickstarter.com/discover/advanced?category_id=16"
1503563455998	Marionette	DEBUG	Received DOM event "pagehide" for "https://www.kickstarter.com/discover/advanced?category_id=16"
1503563456257	Marionette	DEBUG	Received DOM event "pagehide" for "https://staticxx.facebook.com/connect/xd_arbiter/r/0sTQzbapM8j.js?version=42#cb=f16b92a94460b88&domain=www.kickstarter.com&origin=https%3A%2F%2Fwww.kickstarter.com%2Ff23576c9085936a&relation=parent&error=unknown_user"
1503563456399	Marionette	DEBUG	Canceled page load listener because no navigation has been detected
1503563474975	geckodriver	INFO	Listening on 127.0.0.1:54105
1503563476033	geckodriver::marionette	INFO	Starting browser /Applications/Firefox.app/Contents/MacOS/firefox-bin with args ["-marionette"]
1503563478532	Marionette	INFO	Listening on port 54122
1503563478613	Marionette	WARN	TLS certificate errors will be ignored for this session
1503563479016	Marionette	DEBUG	loaded listener.js
1503563479070	Marionette	DEBUG	Received DOM event "beforeunload" for "about:blank"
2017-08-24 10:31:19.124 plugin-container[5229:471282] *** CFMessagePort: bootstrap_register(): failed 1100 (0x44c) 'Permission denied', port = 0x963b, name = 'com.apple.tsm.portname'
See /usr/include/servers/bootstrap_defs.h for the error codes.
2017-08-24 10:31:19.126 plugin-container[5229:471282] *** CFMessagePort: bootstrap_register(): failed 1100 (0x44c) 'Permission denied', port = 0x9a03, name = 'com.apple.CFPasteboardClient'
See /usr/include/servers/bootstrap_defs.h for the error codes.
1503563480168	Marionette	DEBUG	Received DOM event "pagehide" for "about:blank"
1503563480168	Marionette	DEBUG	Received DOM event "unload" for "about:blank"
1503563483698	Marionette	DEBUG	Received DOM event "DOMContentLoaded" for "https://www.kickstarter.com/discover/advanced?category_id=16"
1503563484461	Marionette	DEBUG	Received DOM event "pageshow" for "https://www.kickstarter.com/discover/advanced?category_id=16"
1503563484649	Marionette	DEBUG	Received DOM event "DOMContentLoaded" for "https://staticxx.facebook.com/connect/xd_arbiter/r/0sTQzbapM8j.js?version=42#channel=f1a835e138339e4&origin=https%3A%2F%2Fwww.kickstarter.com"
1503563484651	Marionette	DEBUG	Received DOM event "pageshow" for "https://staticxx.facebook.com/connect/xd_arbiter/r/0sTQzbapM8j.js?version=42#channel=f1a835e138339e4&origin=https%3A%2F%2Fwww.kickstarter.com"
1503563485795	Marionette	DEBUG	Received DOM event "pageshow" for "https://www.kickstarter.com/discover/advanced?category_id=16"
1503563486552	Marionette	DEBUG	Received DOM event "pagehide" for "https://www.kickstarter.com/discover/advanced?category_id=16"
1503563486566	Marionette	DEBUG	Canceled page load listener because no navigation has been detected
1503563563558	geckodriver	INFO	Listening on 127.0.0.1:54809
1503563564641	geckodriver::marionette	INFO	Starting browser /Applications/Firefox.app/Contents/MacOS/firefox-bin with args ["-marionette"]
1503563567169	Marionette	INFO	Listening on port 54823
1503563567244	Marionette	WARN	TLS certificate errors will be ignored for this session
1503563567638	Marionette	DEBUG	loaded listener.js
1503563567687	Marionette	DEBUG	Received DOM event "beforeunload" for "about:blank"
2017-08-24 10:32:47.754 plugin-container[5246:472154] *** CFMessagePort: bootstrap_register(): failed 1100 (0x44c) 'Permission denied', port = 0x943b, name = 'com.apple.tsm.portname'
See /usr/include/servers/bootstrap_defs.h for the error codes.
2017-08-24 10:32:47.760 plugin-container[5246:472154] *** CFMessagePort: bootstrap_register(): failed 1100 (0x44c) 'Permission denied', port = 0x9803, name = 'com.apple.CFPasteboardClient'
See /usr/include/servers/bootstrap_defs.h for the error codes.
1503563568733	Marionette	DEBUG	Received DOM event "pagehide" for "about:blank"
1503563568735	Marionette	DEBUG	Received DOM event "unload" for "about:blank"
1503563572228	Marionette	DEBUG	Received DOM event "DOMContentLoaded" for "https://www.kickstarter.com/discover/advanced?category_id=16"
1503563573156	Marionette	DEBUG	Received DOM event "pageshow" for "https://www.kickstarter.com/discover/advanced?category_id=16"
1503563573370	Marionette	DEBUG	Received DOM event "DOMContentLoaded" for "https://staticxx.facebook.com/connect/xd_arbiter/r/0sTQzbapM8j.js?version=42#channel=f86a3019e15374&origin=https%3A%2F%2Fwww.kickstarter.com"
1503563573372	Marionette	DEBUG	Received DOM event "pageshow" for "https://staticxx.facebook.com/connect/xd_arbiter/r/0sTQzbapM8j.js?version=42#channel=f86a3019e15374&origin=https%3A%2F%2Fwww.kickstarter.com"
1503563574081	Marionette	DEBUG	Received DOM event "pageshow" for "https://www.kickstarter.com/discover/advanced?category_id=16"
1503563574837	Marionette	DEBUG	Received DOM event "pagehide" for "https://www.kickstarter.com/discover/advanced?category_id=16"
1503563574858	Marionette	DEBUG	Canceled page load listener because no navigation has been detected
1503563739221	geckodriver	INFO	Listening on 127.0.0.1:55922
1503563740272	geckodriver::marionette	INFO	Starting browser /Applications/Firefox.app/Contents/MacOS/firefox-bin with args ["-marionette"]
1503563743181	Marionette	INFO	Listening on port 55935
1503563743256	Marionette	WARN	TLS certificate errors will be ignored for this session
1503563743566	Marionette	DEBUG	loaded listener.js
1503563743605	Marionette	DEBUG	Received DOM event "beforeunload" for "about:blank"
2017-08-24 10:35:43.675 plugin-container[5269:473662] *** CFMessagePort: bootstrap_register(): failed 1100 (0x44c) 'Permission denied', port = 0x963f, name = 'com.apple.tsm.portname'
See /usr/include/servers/bootstrap_defs.h for the error codes.
2017-08-24 10:35:43.679 plugin-container[5269:473662] *** CFMessagePort: bootstrap_register(): failed 1100 (0x44c) 'Permission denied', port = 0x9903, name = 'com.apple.CFPasteboardClient'
See /usr/include/servers/bootstrap_defs.h for the error codes.
1503563744866	Marionette	DEBUG	Received DOM event "pagehide" for "about:blank"
1503563744868	Marionette	DEBUG	Received DOM event "unload" for "about:blank"
1503563747859	Marionette	DEBUG	Received DOM event "DOMContentLoaded" for "https://www.kickstarter.com/discover/advanced?category_id=16"
1503563748397	Marionette	DEBUG	Received DOM event "pageshow" for "https://www.kickstarter.com/discover/advanced?category_id=16"
1503563748553	Marionette	DEBUG	Received DOM event "DOMContentLoaded" for "https://staticxx.facebook.com/connect/xd_arbiter/r/0sTQzbapM8j.js?version=42#channel=f45861b05463bc&origin=https%3A%2F%2Fwww.kickstarter.com"
1503563748556	Marionette	DEBUG	Received DOM event "pageshow" for "https://staticxx.facebook.com/connect/xd_arbiter/r/0sTQzbapM8j.js?version=42#channel=f45861b05463bc&origin=https%3A%2F%2Fwww.kickstarter.com"
1503563749842	Marionette	DEBUG	Received DOM event "pageshow" for "https://www.kickstarter.com/discover/advanced?category_id=16"
1503563750455	Marionette	DEBUG	Received DOM event "pagehide" for "https://www.kickstarter.com/discover/advanced?category_id=16"
1503563750732	Marionette	DEBUG	Canceled page load listener because no navigation has been detected
1503563771811	geckodriver	INFO	Listening on 127.0.0.1:56279
1503563772868	geckodriver::marionette	INFO	Starting browser /Applications/Firefox.app/Contents/MacOS/firefox-bin with args ["-marionette"]
1503563775526	Marionette	INFO	Listening on port 56288
1503563775679	Marionette	WARN	TLS certificate errors will be ignored for this session
1503563775920	Marionette	DEBUG	loaded listener.js
1503563775960	Marionette	DEBUG	Received DOM event "beforeunload" for "about:blank"
2017-08-24 10:36:16.023 plugin-container[5283:474320] *** CFMessagePort: bootstrap_register(): failed 1100 (0x44c) 'Permission denied', port = 0x963b, name = 'com.apple.tsm.portname'
See /usr/include/servers/bootstrap_defs.h for the error codes.
2017-08-24 10:36:16.024 plugin-container[5283:474320] *** CFMessagePort: bootstrap_register(): failed 1100 (0x44c) 'Permission denied', port = 0x9903, name = 'com.apple.CFPasteboardClient'
See /usr/include/servers/bootstrap_defs.h for the error codes.
1503563777306	Marionette	DEBUG	Received DOM event "pagehide" for "about:blank"
1503563777307	Marionette	DEBUG	Received DOM event "unload" for "about:blank"
1503563780411	Marionette	DEBUG	Received DOM event "DOMContentLoaded" for "https://www.kickstarter.com/discover/advanced?category_id=16"
1503563780933	Marionette	DEBUG	Received DOM event "pageshow" for "https://www.kickstarter.com/discover/advanced?category_id=16"
1503563781076	Marionette	DEBUG	Received DOM event "DOMContentLoaded" for "https://staticxx.facebook.com/connect/xd_arbiter/r/0sTQzbapM8j.js?version=42#channel=f1783579341d7c6&origin=https%3A%2F%2Fwww.kickstarter.com"
1503563781078	Marionette	DEBUG	Received DOM event "pageshow" for "https://staticxx.facebook.com/connect/xd_arbiter/r/0sTQzbapM8j.js?version=42#channel=f1783579341d7c6&origin=https%3A%2F%2Fwww.kickstarter.com"
1503563782271	Marionette	DEBUG	Received DOM event "pageshow" for "https://www.kickstarter.com/discover/advanced?category_id=16"
1503563782881	Marionette	DEBUG	Received DOM event "pagehide" for "https://www.kickstarter.com/discover/advanced?category_id=16"
1503563783178	Marionette	DEBUG	Received DOM event "pagehide" for "https://staticxx.facebook.com/connect/xd_arbiter/r/0sTQzbapM8j.js?version=42#cb=f2d81eec0d2ca8e&domain=www.kickstarter.com&origin=https%3A%2F%2Fwww.kickstarter.com%2Ff1783579341d7c6&relation=parent&error=unknown_user"
1503563783182	Marionette	DEBUG	Canceled page load listener because no navigation has been detected
1503563885177	geckodriver	INFO	Listening on 127.0.0.1:56897
1503563885272	geckodriver::marionette	INFO	Starting browser /Applications/Firefox.app/Contents/MacOS/firefox-bin with args ["-marionette"]
1503563888240	Marionette	INFO	Listening on port 56904
1503563888354	Marionette	WARN	TLS certificate errors will be ignored for this session
1503563888634	Marionette	DEBUG	loaded listener.js
1503563888669	Marionette	DEBUG	Received DOM event "beforeunload" for "about:blank"
2017-08-24 10:38:08.739 plugin-container[5303:475177] *** CFMessagePort: bootstrap_register(): failed 1100 (0x44c) 'Permission denied', port = 0x963b, name = 'com.apple.tsm.portname'
See /usr/include/servers/bootstrap_defs.h for the error codes.
2017-08-24 10:38:08.742 plugin-container[5303:475177] *** CFMessagePort: bootstrap_register(): failed 1100 (0x44c) 'Permission denied', port = 0x9903, name = 'com.apple.CFPasteboardClient'
See /usr/include/servers/bootstrap_defs.h for the error codes.
1503563889851	Marionette	DEBUG	Received DOM event "pagehide" for "about:blank"
1503563889852	Marionette	DEBUG	Received DOM event "unload" for "about:blank"
1503563893341	Marionette	DEBUG	Received DOM event "DOMContentLoaded" for "https://www.kickstarter.com/discover/advanced?category_id=16"
1503563893957	Marionette	DEBUG	Received DOM event "pageshow" for "https://www.kickstarter.com/discover/advanced?category_id=16"
1503563894098	Marionette	DEBUG	Received DOM event "DOMContentLoaded" for "https://staticxx.facebook.com/connect/xd_arbiter/r/XBwzv5Yrm_1.js?version=42#channel=f1f154161e3bca8&origin=https%3A%2F%2Fwww.kickstarter.com"
1503563894102	Marionette	DEBUG	Received DOM event "pageshow" for "https://staticxx.facebook.com/connect/xd_arbiter/r/XBwzv5Yrm_1.js?version=42#channel=f1f154161e3bca8&origin=https%3A%2F%2Fwww.kickstarter.com"
1503563895086	Marionette	DEBUG	Received DOM event "pageshow" for "https://www.kickstarter.com/discover/advanced?category_id=16"
1503563895807	Marionette	DEBUG	Received DOM event "pagehide" for "https://www.kickstarter.com/discover/advanced?category_id=16"
1503563895844	Marionette	DEBUG	Canceled page load listener because no navigation has been detected
*************************
A coding exception was thrown and uncaught in a Task.

Full message: TypeError: NetworkError when attempting to fetch resource.
Full stack: 
*************************
*************************
A coding exception was thrown and uncaught in a Task.

Full message: TypeError: NetworkError when attempting to fetch resource.
Full stack: 
*************************
1503564065679	geckodriver	INFO	Listening on 127.0.0.1:57989
1503564066749	geckodriver::marionette	INFO	Starting browser /Applications/Firefox.app/Contents/MacOS/firefox-bin with args ["-marionette"]
1503564069905	Marionette	INFO	Listening on port 58004
1503564070003	Marionette	WARN	TLS certificate errors will be ignored for this session
1503564070389	Marionette	DEBUG	loaded listener.js
1503564070444	Marionette	DEBUG	Received DOM event "beforeunload" for "about:blank"
2017-08-24 10:41:10.531 plugin-container[5323:476689] *** CFMessagePort: bootstrap_register(): failed 1100 (0x44c) 'Permission denied', port = 0x963f, name = 'com.apple.tsm.portname'
See /usr/include/servers/bootstrap_defs.h for the error codes.
2017-08-24 10:41:10.535 plugin-container[5323:476689] *** CFMessagePort: bootstrap_register(): failed 1100 (0x44c) 'Permission denied', port = 0x9903, name = 'com.apple.CFPasteboardClient'
See /usr/include/servers/bootstrap_defs.h for the error codes.
1503564072003	Marionette	DEBUG	Received DOM event "pagehide" for "about:blank"
1503564072004	Marionette	DEBUG	Received DOM event "unload" for "about:blank"
1503564075338	Marionette	DEBUG	Received DOM event "DOMContentLoaded" for "https://www.kickstarter.com/discover/advanced?category_id=16"
1503564075986	Marionette	DEBUG	Received DOM event "pageshow" for "https://www.kickstarter.com/discover/advanced?category_id=16"
1503564076156	Marionette	DEBUG	Received DOM event "DOMContentLoaded" for "https://staticxx.facebook.com/connect/xd_arbiter/r/0sTQzbapM8j.js?version=42#channel=f2b0525fc08b07c&origin=https%3A%2F%2Fwww.kickstarter.com"
1503564076160	Marionette	DEBUG	Received DOM event "pageshow" for "https://staticxx.facebook.com/connect/xd_arbiter/r/0sTQzbapM8j.js?version=42#channel=f2b0525fc08b07c&origin=https%3A%2F%2Fwww.kickstarter.com"
1503564077084	Marionette	DEBUG	Received DOM event "pageshow" for "https://www.kickstarter.com/discover/advanced?category_id=16"
1503564077806	Marionette	DEBUG	Received DOM event "pagehide" for "https://www.kickstarter.com/discover/advanced?category_id=16"
1503564077818	Marionette	DEBUG	Canceled page load listener because no navigation has been detected
*************************
A coding exception was thrown and uncaught in a Task.

Full message: TypeError: NetworkError when attempting to fetch resource.
Full stack: 
*************************
*************************
A coding exception was thrown and uncaught in a Task.

Full message: TypeError: NetworkError when attempting to fetch resource.
Full stack: 
*************************
1503564130972	addons.productaddons	WARN	Failed downloading via XHR, status: 0, reason: error
1503564131030	Marionette	INFO	Ceased listening
1503564133696	Marionette	INFO	Ceased listening
IPDL protocol error: Handler returned error code!

###!!! [Parent][DispatchAsyncMessage] Error: PLayerTransaction::Msg_ReleaseLayer Processing error: message was deserialized, but the handler returned false (indicating failure)


###!!! [Child][MessageChannel] Error: (msgtype=0x440102,name=PContent::Msg_AsyncMessage) Channel closing: too late to send/recv, messages will be lost

JavaScript error: chrome://global/content/process-content.js, line 71: NS_ERROR_UNEXPECTED: Component returned failure code: 0x8000ffff (NS_ERROR_UNEXPECTED) [nsIMessageSender.sendAsyncMessage]

###!!! [Child][MessageChannel] Error: (msgtype=0x440102,name=PContent::Msg_AsyncMessage) Channel closing: too late to send/recv, messages will be lost

JavaScript error: chrome://global/content/process-content.js, line 71: NS_ERROR_UNEXPECTED: Component returned failure code: 0x8000ffff (NS_ERROR_UNEXPECTED) [nsIMessageSender.sendAsyncMessage]

###!!! [Child][MessageChannel] Error: (msgtype=0x2C0048,name=PBrowser::Msg___delete__) Channel closing: too late to send/recv, messages will be lost


###!!! [Child][MessageChannel] Error: (msgtype=0x4400AB,name=PContent::Msg_ConsoleMessage) Channel closing: too late to send/recv, messages will be lost

1503564135493	Marionette	INFO	Ceased listening
1503564137363	Marionette	INFO	Ceased listening
1503564139203	Marionette	INFO	Ceased listening
1503564140819	Marionette	INFO	Ceased listening
IPDL protocol error: Handler returned error code!

###!!! [Parent][DispatchAsyncMessage] Error: PLayerTransaction::Msg_ReleaseLayer Processing error: message was deserialized, but the handler returned false (indicating failure)

1503564142810	Marionette	INFO	Ceased listening
1503564145815	Marionette	INFO	Ceased listening
IPDL protocol error: Handler returned error code!

###!!! [Parent][DispatchAsyncMessage] Error: PLayerTransaction::Msg_ReleaseLayer Processing error: message was deserialized, but the handler returned false (indicating failure)


###!!! [Child][MessageChannel] Error: (msgtype=0x440102,name=PContent::Msg_AsyncMessage) Channel closing: too late to send/recv, messages will be lost

JavaScript error: chrome://global/content/process-content.js, line 71: NS_ERROR_UNEXPECTED: Component returned failure code: 0x8000ffff (NS_ERROR_UNEXPECTED) [nsIMessageSender.sendAsyncMessage]

###!!! [Child][MessageChannel] Error: (msgtype=0x440102,name=PContent::Msg_AsyncMessage) Channel closing: too late to send/recv, messages will be lost

JavaScript error: chrome://global/content/process-content.js, line 71: NS_ERROR_UNEXPECTED: Component returned failure code: 0x8000ffff (NS_ERROR_UNEXPECTED) [nsIMessageSender.sendAsyncMessage]

###!!! [Child][MessageChannel] Error: (msgtype=0x2C0048,name=PBrowser::Msg___delete__) Channel closing: too late to send/recv, messages will be lost


###!!! [Child][MessageChannel] Error: (msgtype=0xBA0001,name=PRemoteSpellcheckEngine::Msg___delete__) Channel closing: too late to send/recv, messages will be lost


###!!! [Child][MessageChannel] Error: (msgtype=0x4400AB,name=PContent::Msg_ConsoleMessage) Channel closing: too late to send/recv, messages will be lost

1503564148941	Marionette	INFO	Ceased listening
1503564252070	Marionette	DEBUG	loaded listener.js
1503564428121	geckodriver	INFO	Listening on 127.0.0.1:59973
1503564429210	geckodriver::marionette	INFO	Starting browser /Applications/Firefox.app/Contents/MacOS/firefox-bin with args ["-marionette"]
1503564431779	Marionette	INFO	Listening on port 59986
1503564431869	Marionette	WARN	TLS certificate errors will be ignored for this session
1503564432247	Marionette	DEBUG	loaded listener.js
1503564432292	Marionette	DEBUG	Received DOM event "beforeunload" for "about:blank"
2017-08-24 10:47:12.373 plugin-container[5360:479088] *** CFMessagePort: bootstrap_register(): failed 1100 (0x44c) 'Permission denied', port = 0x9633, name = 'com.apple.tsm.portname'
See /usr/include/servers/bootstrap_defs.h for the error codes.
2017-08-24 10:47:12.376 plugin-container[5360:479088] *** CFMessagePort: bootstrap_register(): failed 1100 (0x44c) 'Permission denied', port = 0x9903, name = 'com.apple.CFPasteboardClient'
See /usr/include/servers/bootstrap_defs.h for the error codes.
1503564433709	Marionette	DEBUG	Received DOM event "pagehide" for "about:blank"
1503564433710	Marionette	DEBUG	Received DOM event "unload" for "about:blank"
1503564437034	Marionette	DEBUG	Received DOM event "DOMContentLoaded" for "https://www.kickstarter.com/discover/advanced?category_id=16"
1503564437675	Marionette	DEBUG	Received DOM event "pageshow" for "https://www.kickstarter.com/discover/advanced?category_id=16"
1503564437832	Marionette	DEBUG	Received DOM event "DOMContentLoaded" for "https://staticxx.facebook.com/connect/xd_arbiter/r/0sTQzbapM8j.js?version=42#channel=f3b20b91c1e4648&origin=https%3A%2F%2Fwww.kickstarter.com"
1503564437835	Marionette	DEBUG	Received DOM event "pageshow" for "https://staticxx.facebook.com/connect/xd_arbiter/r/0sTQzbapM8j.js?version=42#channel=f3b20b91c1e4648&origin=https%3A%2F%2Fwww.kickstarter.com"
1503564439046	Marionette	DEBUG	Received DOM event "pageshow" for "https://www.kickstarter.com/discover/advanced?category_id=16"
1503564440049	Marionette	DEBUG	Canceled page load listener because no navigation has been detected
1503564502066	geckodriver	INFO	Listening on 127.0.0.1:60536
1503564503125	geckodriver::marionette	INFO	Starting browser /Applications/Firefox.app/Contents/MacOS/firefox-bin with args ["-marionette"]
1503564505526	Marionette	INFO	Listening on port 60549
1503564505658	Marionette	WARN	TLS certificate errors will be ignored for this session
1503564505926	Marionette	DEBUG	loaded listener.js
1503564505967	Marionette	DEBUG	Received DOM event "beforeunload" for "about:blank"
2017-08-24 10:48:26.044 plugin-container[5377:480240] *** CFMessagePort: bootstrap_register(): failed 1100 (0x44c) 'Permission denied', port = 0x953b, name = 'com.apple.tsm.portname'
See /usr/include/servers/bootstrap_defs.h for the error codes.
2017-08-24 10:48:26.049 plugin-container[5377:480240] *** CFMessagePort: bootstrap_register(): failed 1100 (0x44c) 'Permission denied', port = 0x9903, name = 'com.apple.CFPasteboardClient'
See /usr/include/servers/bootstrap_defs.h for the error codes.
1503564507430	Marionette	DEBUG	Received DOM event "pagehide" for "about:blank"
1503564507430	Marionette	DEBUG	Received DOM event "unload" for "about:blank"
1503564511033	Marionette	DEBUG	Received DOM event "DOMContentLoaded" for "https://www.kickstarter.com/discover/advanced?category_id=16"
1503564511658	Marionette	DEBUG	Received DOM event "pageshow" for "https://www.kickstarter.com/discover/advanced?category_id=16"
1503564511752	Marionette	DEBUG	Received DOM event "DOMContentLoaded" for "https://staticxx.facebook.com/connect/xd_arbiter/r/0sTQzbapM8j.js?version=42#channel=f186c4aab3effc2&origin=https%3A%2F%2Fwww.kickstarter.com"
1503564511755	Marionette	DEBUG	Received DOM event "pageshow" for "https://staticxx.facebook.com/connect/xd_arbiter/r/0sTQzbapM8j.js?version=42#channel=f186c4aab3effc2&origin=https%3A%2F%2Fwww.kickstarter.com"
1503564513768	Marionette	DEBUG	Received DOM event "pageshow" for "https://www.kickstarter.com/discover/advanced?category_id=16"
1503564514409	Marionette	DEBUG	Received DOM event "pagehide" for "https://www.kickstarter.com/discover/advanced?category_id=16"
1503564514444	Marionette	DEBUG	Canceled page load listener because no navigation has been detected
1503564576602	geckodriver	INFO	Listening on 127.0.0.1:53672
1503564577677	geckodriver::marionette	INFO	Starting browser /Applications/Firefox.app/Contents/MacOS/firefox-bin with args ["-marionette"]
1503564580513	Marionette	INFO	Listening on port 53857
1503564580615	Marionette	WARN	TLS certificate errors will be ignored for this session
1503564580889	Marionette	DEBUG	loaded listener.js
1503564580924	Marionette	DEBUG	Received DOM event "beforeunload" for "about:blank"
2017-08-24 10:49:40.994 plugin-container[5405:481477] *** CFMessagePort: bootstrap_register(): failed 1100 (0x44c) 'Permission denied', port = 0x963b, name = 'com.apple.tsm.portname'
See /usr/include/servers/bootstrap_defs.h for the error codes.
2017-08-24 10:49:40.999 plugin-container[5405:481477] *** CFMessagePort: bootstrap_register(): failed 1100 (0x44c) 'Permission denied', port = 0x9903, name = 'com.apple.CFPasteboardClient'
See /usr/include/servers/bootstrap_defs.h for the error codes.
1503564581917	Marionette	DEBUG	Received DOM event "pagehide" for "about:blank"
1503564581918	Marionette	DEBUG	Received DOM event "unload" for "about:blank"
1503564585024	Marionette	DEBUG	Received DOM event "DOMContentLoaded" for "https://www.kickstarter.com/discover/advanced?category_id=16"
1503564585802	Marionette	DEBUG	Received DOM event "pageshow" for "https://www.kickstarter.com/discover/advanced?category_id=16"
1503564585958	Marionette	DEBUG	Received DOM event "DOMContentLoaded" for "https://staticxx.facebook.com/connect/xd_arbiter/r/0sTQzbapM8j.js?version=42#channel=f116a53c9329a2&origin=https%3A%2F%2Fwww.kickstarter.com"
1503564585962	Marionette	DEBUG	Received DOM event "pageshow" for "https://staticxx.facebook.com/connect/xd_arbiter/r/0sTQzbapM8j.js?version=42#channel=f116a53c9329a2&origin=https%3A%2F%2Fwww.kickstarter.com"
1503564586559	Marionette	DEBUG	Received DOM event "pageshow" for "https://www.kickstarter.com/discover/advanced?category_id=16"
1503564587309	Marionette	DEBUG	Received DOM event "pagehide" for "https://www.kickstarter.com/discover/advanced?category_id=16"
1503564587328	Marionette	DEBUG	Canceled page load listener because no navigation has been detected
1503564604433	geckodriver	INFO	Listening on 127.0.0.1:57477
1503564605518	geckodriver::marionette	INFO	Starting browser /Applications/Firefox.app/Contents/MacOS/firefox-bin with args ["-marionette"]
1503564607934	Marionette	INFO	Listening on port 57608
1503564608048	Marionette	WARN	TLS certificate errors will be ignored for this session
1503564608316	Marionette	DEBUG	loaded listener.js
1503564608358	Marionette	DEBUG	Received DOM event "beforeunload" for "about:blank"
2017-08-24 10:50:08.415 plugin-container[5419:481919] *** CFMessagePort: bootstrap_register(): failed 1100 (0x44c) 'Permission denied', port = 0x963b, name = 'com.apple.tsm.portname'
See /usr/include/servers/bootstrap_defs.h for the error codes.
2017-08-24 10:50:08.416 plugin-container[5419:481919] *** CFMessagePort: bootstrap_register(): failed 1100 (0x44c) 'Permission denied', port = 0x9903, name = 'com.apple.CFPasteboardClient'
See /usr/include/servers/bootstrap_defs.h for the error codes.
1503564609618	Marionette	DEBUG	Received DOM event "pagehide" for "about:blank"
1503564609619	Marionette	DEBUG	Received DOM event "unload" for "about:blank"
1503564612819	Marionette	DEBUG	Received DOM event "DOMContentLoaded" for "https://www.kickstarter.com/discover/advanced?category_id=16"
1503564613641	Marionette	DEBUG	Received DOM event "pageshow" for "https://www.kickstarter.com/discover/advanced?category_id=16"
1503564613843	Marionette	DEBUG	Received DOM event "DOMContentLoaded" for "https://staticxx.facebook.com/connect/xd_arbiter/r/0sTQzbapM8j.js?version=42#channel=f2bc08b754d0b08&origin=https%3A%2F%2Fwww.kickstarter.com"
1503564613845	Marionette	DEBUG	Received DOM event "pageshow" for "https://staticxx.facebook.com/connect/xd_arbiter/r/0sTQzbapM8j.js?version=42#channel=f2bc08b754d0b08&origin=https%3A%2F%2Fwww.kickstarter.com"
1503564614451	Marionette	DEBUG	Received DOM event "pageshow" for "https://www.kickstarter.com/discover/advanced?category_id=16"
1503564615469	Marionette	DEBUG	Received DOM event "pagehide" for "https://www.kickstarter.com/discover/advanced?category_id=16"
1503564615478	Marionette	DEBUG	Canceled page load listener because no navigation has been detected
*************************
A coding exception was thrown and uncaught in a Task.

Full message: TypeError: NetworkError when attempting to fetch resource.
Full stack: 
*************************
